<?xml version="1.0" encoding="UTF-8"?>
<!-- Generated by org.testng.reporters.JUnitReportReporter -->
<testsuite hostname="Sreeni" name="crm.Xylem.SampleProject.XylemSample" tests="1" failures="0" timestamp="22 Apr 2021 12:28:56 GMT" time="0.029" errors="0">
  <testcase name="sampleTest" time="0.029" classname="crm.Xylem.SampleProject.XylemSample"/>
</testsuite> <!-- crm.Xylem.SampleProject.XylemSample -->
