<?xml version="1.0" encoding="UTF-8"?>
<!-- Generated by org.testng.reporters.JUnitReportReporter -->
<testsuite hostname="Sreeni" name="crm.Xylem.SampleProject.XylemSample" tests="1" failures="0" timestamp="22 Apr 2021 11:59:45 GMT" time="0.075" errors="0">
  <testcase name="sampleTest" time="0.075" classname="crm.Xylem.SampleProject.XylemSample"/>
</testsuite> <!-- crm.Xylem.SampleProject.XylemSample -->
